
2015-07-27 04:55:49pm INFO: User guest logged in.
2015-07-27 04:56:46pm ERROR: User asdfleifj failed to log in!
2015-07-27 04:59:32pm INFO: User guest logged in.
2015-07-27 05:00:36pm INFO: User guest logged in.
2015-07-27 05:06:39pm INFO: User guest logged in.
2015-07-27 05:08:57pm INFO: User guest logged in.
2015-07-27 05:11:26pm INFO: User guest logged in.
2015-07-27 05:16:45pm INFO: User guest logged in.
2015-07-27 05:18:32pm ERROR: User ewqerw failed to log in!
2015-07-27 05:21:47pm INFO: User guest logged in.
2015-07-27 05:22:06pm ERROR: User dfja;weoifj failed to log in!
2015-07-27 05:22:29pm INFO: User guest logged in.
2015-07-27 05:25:12pm ERROR: User eafoeij failed to log in!
2015-07-27 05:25:21pm INFO: User guest logged in.
2015-07-27 05:25:30pm INFO: User guest logged in.
2015-07-27 05:26:20pm INFO: User guest logged in.
2015-07-27 05:31:26pm INFO: User guest logged in.
2015-07-27 06:14:14pm INFO: User guest logged in.
2015-07-27 06:17:31pm ERROR: User guest  failed to log in!
2015-07-27 06:21:47pm INFO: User guest logged in.
2015-07-27 06:22:04pm ERROR: User guest failed to log in!
2015-07-27 06:22:17pm ERROR: User alissa failed to log in!
2015-07-27 06:22:23pm INFO: User guest logged in.
2015-07-27 06:23:07pm ERROR: User alissa Stephens failed to log in!
2015-07-27 06:31:07pm ERROR: User alissa failed to log in!
2015-07-27 06:31:14pm INFO: User guest logged in.
2015-07-27 06:31:42pm INFO: User guest logged in.